[lark-cli] auth-response: time=2026-05-08T15:52:24.9698981+08:00 path=/oauth/v1/app/registration status=200 x-tt-logid=20260508155226DC14C009D573EF7C3E54 cmdline=C:\Users\lk\AppData\Roaming\npm\node_modules\@larksuite\cli\bin\lark-cli.exe config init ...
[lark-cli] auth-response: time=2026-05-08T15:52:30.0366361+08:00 path=/oauth/v1/app/registration status=400 x-tt-logid=20260508155231DC14C009D573EF7C41F8 cmdline=C:\Users\lk\AppData\Roaming\npm\node_modules\@larksuite\cli\bin\lark-cli.exe config init ...
[lark-cli] auth-response: time=2026-05-08T15:52:35.1076143+08:00 path=/oauth/v1/app/registration status=400 x-tt-logid=20260508155236B124CF84CA15EB81E9B4 cmdline=C:\Users\lk\AppData\Roaming\npm\node_modules\@larksuite\cli\bin\lark-cli.exe config init ...
[lark-cli] auth-response: time=2026-05-08T15:52:40.2102945+08:00 path=/oauth/v1/app/registration status=400 x-tt-logid=20260508155241B00D63F45EEC63874344 cmdline=C:\Users\lk\AppData\Roaming\npm\node_modules\@larksuite\cli\bin\lark-cli.exe config init ...
[lark-cli] auth-response: time=2026-05-08T15:52:45.2848062+08:00 path=/oauth/v1/app/registration status=400 x-tt-logid=20260508155246E9B851F9DB0B767D4039 cmdline=C:\Users\lk\AppData\Roaming\npm\node_modules\@larksuite\cli\bin\lark-cli.exe config init ...
[lark-cli] auth-response: time=2026-05-08T15:52:50.3680764+08:00 path=/oauth/v1/app/registration status=400 x-tt-logid=2026050815525186583D1BB53A3B855F00 cmdline=C:\Users\lk\AppData\Roaming\npm\node_modules\@larksuite\cli\bin\lark-cli.exe config init ...
[lark-cli] auth-response: time=2026-05-08T15:52:55.4344401+08:00 path=/oauth/v1/app/registration status=400 x-tt-logid=20260508155256B124CF84CA15EB81FAA2 cmdline=C:\Users\lk\AppData\Roaming\npm\node_modules\@larksuite\cli\bin\lark-cli.exe config init ...
[lark-cli] auth-response: time=2026-05-08T15:53:00.5276433+08:00 path=/oauth/v1/app/registration status=400 x-tt-logid=2026050815530286583D1BB53A3B8567D3 cmdline=C:\Users\lk\AppData\Roaming\npm\node_modules\@larksuite\cli\bin\lark-cli.exe config init ...
[lark-cli] auth-response: time=2026-05-08T15:53:05.6186994+08:00 path=/oauth/v1/app/registration status=400 x-tt-logid=20260508155307509CA71986C3FC7D7F7F cmdline=C:\Users\lk\AppData\Roaming\npm\node_modules\@larksuite\cli\bin\lark-cli.exe config init ...
[lark-cli] auth-response: time=2026-05-08T15:53:10.6969856+08:00 path=/oauth/v1/app/registration status=400 x-tt-logid=2026050815531286583D1BB53A3B856F05 cmdline=C:\Users\lk\AppData\Roaming\npm\node_modules\@larksuite\cli\bin\lark-cli.exe config init ...
[lark-cli] auth-response: time=2026-05-08T15:53:15.846259+08:00 path=/oauth/v1/app/registration status=400 x-tt-logid=20260508155317B54D825D1836A58BB8BE cmdline=C:\Users\lk\AppData\Roaming\npm\node_modules\@larksuite\cli\bin\lark-cli.exe config init ...
[lark-cli] auth-response: time=2026-05-08T15:53:20.9593577+08:00 path=/oauth/v1/app/registration status=400 x-tt-logid=20260508155322E9B851F9DB0B767D5BDF cmdline=C:\Users\lk\AppData\Roaming\npm\node_modules\@larksuite\cli\bin\lark-cli.exe config init ...
[lark-cli] auth-response: time=2026-05-08T15:53:26.0399519+08:00 path=/oauth/v1/app/registration status=400 x-tt-logid=202605081553272670BC2982304B7FDB36 cmdline=C:\Users\lk\AppData\Roaming\npm\node_modules\@larksuite\cli\bin\lark-cli.exe config init ...
[lark-cli] auth-response: time=2026-05-08T15:53:31.1564232+08:00 path=/oauth/v1/app/registration status=400 x-tt-logid=20260508155332E9B851F9DB0B767D641D cmdline=C:\Users\lk\AppData\Roaming\npm\node_modules\@larksuite\cli\bin\lark-cli.exe config init ...
[lark-cli] auth-response: time=2026-05-08T15:53:36.2323875+08:00 path=/oauth/v1/app/registration status=400 x-tt-logid=202605081553372670BC2982304B7FE339 cmdline=C:\Users\lk\AppData\Roaming\npm\node_modules\@larksuite\cli\bin\lark-cli.exe config init ...
[lark-cli] auth-response: time=2026-05-08T15:53:41.3117267+08:00 path=/oauth/v1/app/registration status=400 x-tt-logid=20260508155342E9B851F9DB0B767D6C6C cmdline=C:\Users\lk\AppData\Roaming\npm\node_modules\@larksuite\cli\bin\lark-cli.exe config init ...
[lark-cli] auth-response: time=2026-05-08T15:53:46.3987749+08:00 path=/oauth/v1/app/registration status=400 x-tt-logid=20260508155347B54D825D1836A58BD6E3 cmdline=C:\Users\lk\AppData\Roaming\npm\node_modules\@larksuite\cli\bin\lark-cli.exe config init ...
[lark-cli] auth-response: time=2026-05-08T15:53:51.4701273+08:00 path=/oauth/v1/app/registration status=400 x-tt-logid=20260508155353B124CF84CA15EB822549 cmdline=C:\Users\lk\AppData\Roaming\npm\node_modules\@larksuite\cli\bin\lark-cli.exe config init ...
[lark-cli] auth-response: time=2026-05-08T15:53:56.5531143+08:00 path=/oauth/v1/app/registration status=400 x-tt-logid=20260508155358B54D825D1836A58BE2B4 cmdline=C:\Users\lk\AppData\Roaming\npm\node_modules\@larksuite\cli\bin\lark-cli.exe config init ...
[lark-cli] auth-response: time=2026-05-08T15:54:01.615206+08:00 path=/oauth/v1/app/registration status=400 x-tt-logid=20260508155403E9B851F9DB0B767D7E96 cmdline=C:\Users\lk\AppData\Roaming\npm\node_modules\@larksuite\cli\bin\lark-cli.exe config init ...
[lark-cli] auth-response: time=2026-05-08T15:54:06.693775+08:00 path=/oauth/v1/app/registration status=400 x-tt-logid=202605081554082670BC2982304B7FFA1A cmdline=C:\Users\lk\AppData\Roaming\npm\node_modules\@larksuite\cli\bin\lark-cli.exe config init ...
[lark-cli] auth-response: time=2026-05-08T15:54:11.7908204+08:00 path=/oauth/v1/app/registration status=400 x-tt-logid=20260508155413E9B851F9DB0B767D87BE cmdline=C:\Users\lk\AppData\Roaming\npm\node_modules\@larksuite\cli\bin\lark-cli.exe config init ...
[lark-cli] auth-response: time=2026-05-08T15:54:16.8845119+08:00 path=/oauth/v1/app/registration status=400 x-tt-logid=20260508155418E9B851F9DB0B767D8B23 cmdline=C:\Users\lk\AppData\Roaming\npm\node_modules\@larksuite\cli\bin\lark-cli.exe config init ...
[lark-cli] auth-response: time=2026-05-08T15:54:21.9627289+08:00 path=/oauth/v1/app/registration status=400 x-tt-logid=2026050815542332251103F09E397F64C1 cmdline=C:\Users\lk\AppData\Roaming\npm\node_modules\@larksuite\cli\bin\lark-cli.exe config init ...
[lark-cli] auth-response: time=2026-05-08T15:54:27.033664+08:00 path=/oauth/v1/app/registration status=400 x-tt-logid=20260508155428DA09A235D38A7E7F4C59 cmdline=C:\Users\lk\AppData\Roaming\npm\node_modules\@larksuite\cli\bin\lark-cli.exe config init ...
[lark-cli] auth-response: time=2026-05-08T15:54:32.1662065+08:00 path=/oauth/v1/app/registration status=400 x-tt-logid=2026050815543341B9BA68A8F8CC866899 cmdline=C:\Users\lk\AppData\Roaming\npm\node_modules\@larksuite\cli\bin\lark-cli.exe config init ...
[lark-cli] auth-response: time=2026-05-08T15:54:37.2381667+08:00 path=/oauth/v1/app/registration status=400 x-tt-logid=202605081554387F6C79833BD8A081CFF5 cmdline=C:\Users\lk\AppData\Roaming\npm\node_modules\@larksuite\cli\bin\lark-cli.exe config init ...
[lark-cli] auth-response: time=2026-05-08T15:54:42.3183427+08:00 path=/oauth/v1/app/registration status=400 x-tt-logid=202605081554436D853C12D2C29176FAB6 cmdline=C:\Users\lk\AppData\Roaming\npm\node_modules\@larksuite\cli\bin\lark-cli.exe config init ...
[lark-cli] auth-response: time=2026-05-08T15:54:47.4085731+08:00 path=/oauth/v1/app/registration status=400 x-tt-logid=2026050815544808BC0FBBB4B09D7D8BDC cmdline=C:\Users\lk\AppData\Roaming\npm\node_modules\@larksuite\cli\bin\lark-cli.exe config init ...
[lark-cli] auth-response: time=2026-05-08T15:54:52.4975122+08:00 path=/oauth/v1/app/registration status=400 x-tt-logid=202605081554544996695ED20EF384F1EC cmdline=C:\Users\lk\AppData\Roaming\npm\node_modules\@larksuite\cli\bin\lark-cli.exe config init ...
[lark-cli] auth-response: time=2026-05-08T15:54:57.5736763+08:00 path=/oauth/v1/app/registration status=400 x-tt-logid=2026050815545908BC0FBBB4B09D7D94CA cmdline=C:\Users\lk\AppData\Roaming\npm\node_modules\@larksuite\cli\bin\lark-cli.exe config init ...
[lark-cli] auth-response: time=2026-05-08T15:55:02.6679684+08:00 path=/oauth/v1/app/registration status=400 x-tt-logid=20260508155504E8131487C132E0810EB6 cmdline=C:\Users\lk\AppData\Roaming\npm\node_modules\@larksuite\cli\bin\lark-cli.exe config init ...
[lark-cli] auth-response: time=2026-05-08T15:55:07.7495926+08:00 path=/oauth/v1/app/registration status=400 x-tt-logid=20260508155509E87320EC1F5A3580DC63 cmdline=C:\Users\lk\AppData\Roaming\npm\node_modules\@larksuite\cli\bin\lark-cli.exe config init ...
[lark-cli] auth-response: time=2026-05-08T15:55:12.8292486+08:00 path=/oauth/v1/app/registration status=400 x-tt-logid=20260508155514AC6A24510102AB81273F cmdline=C:\Users\lk\AppData\Roaming\npm\node_modules\@larksuite\cli\bin\lark-cli.exe config init ...
[lark-cli] auth-response: time=2026-05-08T15:55:17.8943685+08:00 path=/oauth/v1/app/registration status=400 x-tt-logid=20260508155519191A9561AD66067BD597 cmdline=C:\Users\lk\AppData\Roaming\npm\node_modules\@larksuite\cli\bin\lark-cli.exe config init ...
[lark-cli] auth-response: time=2026-05-08T15:55:22.9983685+08:00 path=/oauth/v1/app/registration status=400 x-tt-logid=20260508155524BDA4F8DF1896A67EE14A cmdline=C:\Users\lk\AppData\Roaming\npm\node_modules\@larksuite\cli\bin\lark-cli.exe config init ...
[lark-cli] auth-response: time=2026-05-08T15:55:28.087844+08:00 path=/oauth/v1/app/registration status=400 x-tt-logid=2026050815552959D05C629726D27EFD77 cmdline=C:\Users\lk\AppData\Roaming\npm\node_modules\@larksuite\cli\bin\lark-cli.exe config init ...
[lark-cli] auth-response: time=2026-05-08T15:55:33.1571788+08:00 path=/oauth/v1/app/registration status=400 x-tt-logid=2026050815553459D05C629726D27F0127 cmdline=C:\Users\lk\AppData\Roaming\npm\node_modules\@larksuite\cli\bin\lark-cli.exe config init ...
[lark-cli] auth-response: time=2026-05-08T15:55:38.2431432+08:00 path=/oauth/v1/app/registration status=400 x-tt-logid=20260508155539302F13EFF629CF8174F6 cmdline=C:\Users\lk\AppData\Roaming\npm\node_modules\@larksuite\cli\bin\lark-cli.exe config init ...
[lark-cli] auth-response: time=2026-05-08T15:55:43.3111414+08:00 path=/oauth/v1/app/registration status=400 x-tt-logid=20260508155544D77CE76E88E6E379D628 cmdline=C:\Users\lk\AppData\Roaming\npm\node_modules\@larksuite\cli\bin\lark-cli.exe config init ...
[lark-cli] auth-response: time=2026-05-08T15:55:48.3897316+08:00 path=/oauth/v1/app/registration status=400 x-tt-logid=20260508155549302F13EFF629CF817F23 cmdline=C:\Users\lk\AppData\Roaming\npm\node_modules\@larksuite\cli\bin\lark-cli.exe config init ...
[lark-cli] auth-response: time=2026-05-08T15:55:53.4648511+08:00 path=/oauth/v1/app/registration status=400 x-tt-logid=2026050815555559D05C629726D27F140A cmdline=C:\Users\lk\AppData\Roaming\npm\node_modules\@larksuite\cli\bin\lark-cli.exe config init ...
[lark-cli] auth-response: time=2026-05-08T15:55:58.6173737+08:00 path=/oauth/v1/app/registration status=400 x-tt-logid=20260508155600F69667AB4EFF9A83ED3C cmdline=C:\Users\lk\AppData\Roaming\npm\node_modules\@larksuite\cli\bin\lark-cli.exe config init ...
[lark-cli] auth-response: time=2026-05-08T15:56:03.6913997+08:00 path=/oauth/v1/app/registration status=400 x-tt-logid=2026050815560559D05C629726D27F1DDB cmdline=C:\Users\lk\AppData\Roaming\npm\node_modules\@larksuite\cli\bin\lark-cli.exe config init ...
[lark-cli] auth-response: time=2026-05-08T15:56:08.7737131+08:00 path=/oauth/v1/app/registration status=400 x-tt-logid=20260508155610F69667AB4EFF9A83F543 cmdline=C:\Users\lk\AppData\Roaming\npm\node_modules\@larksuite\cli\bin\lark-cli.exe config init ...
[lark-cli] auth-response: time=2026-05-08T15:56:13.8379572+08:00 path=/oauth/v1/app/registration status=400 x-tt-logid=20260508155615D77CE76E88E6E379F5E9 cmdline=C:\Users\lk\AppData\Roaming\npm\node_modules\@larksuite\cli\bin\lark-cli.exe config init ...
[lark-cli] auth-response: time=2026-05-08T15:56:18.9198833+08:00 path=/oauth/v1/app/registration status=400 x-tt-logid=20260508155620DA64F841154F728147BD cmdline=C:\Users\lk\AppData\Roaming\npm\node_modules\@larksuite\cli\bin\lark-cli.exe config init ...
[lark-cli] auth-response: time=2026-05-08T15:56:24.0234837+08:00 path=/oauth/v1/app/registration status=400 x-tt-logid=20260508155625D77CE76E88E6E379FE2B cmdline=C:\Users\lk\AppData\Roaming\npm\node_modules\@larksuite\cli\bin\lark-cli.exe config init ...
[lark-cli] auth-response: time=2026-05-08T15:56:29.0974473+08:00 path=/oauth/v1/app/registration status=400 x-tt-logid=20260508155630DA64F841154F72815046 cmdline=C:\Users\lk\AppData\Roaming\npm\node_modules\@larksuite\cli\bin\lark-cli.exe config init ...
[lark-cli] auth-response: time=2026-05-08T15:56:34.1626716+08:00 path=/oauth/v1/app/registration status=400 x-tt-logid=20260508155635D77CE76E88E6E37A0712 cmdline=C:\Users\lk\AppData\Roaming\npm\node_modules\@larksuite\cli\bin\lark-cli.exe config init ...
[lark-cli] auth-response: time=2026-05-08T15:56:39.2501359+08:00 path=/oauth/v1/app/registration status=400 x-tt-logid=20260508155640DA64F841154F72815919 cmdline=C:\Users\lk\AppData\Roaming\npm\node_modules\@larksuite\cli\bin\lark-cli.exe config init ...
[lark-cli] auth-response: time=2026-05-08T15:56:44.3213111+08:00 path=/oauth/v1/app/registration status=400 x-tt-logid=20260508155645D77CE76E88E6E37A0F34 cmdline=C:\Users\lk\AppData\Roaming\npm\node_modules\@larksuite\cli\bin\lark-cli.exe config init ...
[lark-cli] auth-response: time=2026-05-08T15:56:49.4575806+08:00 path=/oauth/v1/app/registration status=400 x-tt-logid=20260508155651AFA4ACD4E377378DCDB2 cmdline=C:\Users\lk\AppData\Roaming\npm\node_modules\@larksuite\cli\bin\lark-cli.exe config init ...
[lark-cli] auth-response: time=2026-05-08T15:56:54.5236447+08:00 path=/oauth/v1/app/registration status=400 x-tt-logid=2026050815565659D05C629726D27F44A6 cmdline=C:\Users\lk\AppData\Roaming\npm\node_modules\@larksuite\cli\bin\lark-cli.exe config init ...
[lark-cli] auth-response: time=2026-05-08T15:56:59.6044573+08:00 path=/oauth/v1/app/registration status=400 x-tt-logid=2026050815570159D05C629726D27F48FC cmdline=C:\Users\lk\AppData\Roaming\npm\node_modules\@larksuite\cli\bin\lark-cli.exe config init ...
[lark-cli] auth-response: time=2026-05-08T15:57:04.6927957+08:00 path=/oauth/v1/app/registration status=400 x-tt-logid=202605081557065891256EDAC7127D5EF5 cmdline=C:\Users\lk\AppData\Roaming\npm\node_modules\@larksuite\cli\bin\lark-cli.exe config init ...
[lark-cli] auth-response: time=2026-05-08T15:57:09.7647762+08:00 path=/oauth/v1/app/registration status=400 x-tt-logid=2026050815571159D05C629726D27F50EF cmdline=C:\Users\lk\AppData\Roaming\npm\node_modules\@larksuite\cli\bin\lark-cli.exe config init ...
[lark-cli] auth-response: time=2026-05-08T15:57:14.8742961+08:00 path=/oauth/v1/app/registration status=400 x-tt-logid=202605081557165891256EDAC7127D68A1 cmdline=C:\Users\lk\AppData\Roaming\npm\node_modules\@larksuite\cli\bin\lark-cli.exe config init ...
[lark-cli] auth-response: time=2026-05-08T15:57:19.9479973+08:00 path=/oauth/v1/app/registration status=400 x-tt-logid=2026050815572159D05C629726D27F57D9 cmdline=C:\Users\lk\AppData\Roaming\npm\node_modules\@larksuite\cli\bin\lark-cli.exe config init ...
[lark-cli] auth-response: time=2026-05-08T15:57:25.034852+08:00 path=/oauth/v1/app/registration status=400 x-tt-logid=2026050815572669E30D6B62F0167CE2C4 cmdline=C:\Users\lk\AppData\Roaming\npm\node_modules\@larksuite\cli\bin\lark-cli.exe config init ...
[lark-cli] auth-response: time=2026-05-08T15:57:30.1038812+08:00 path=/oauth/v1/app/registration status=400 x-tt-logid=202605081557319F73B87B511B937D3356 cmdline=C:\Users\lk\AppData\Roaming\npm\node_modules\@larksuite\cli\bin\lark-cli.exe config init ...
[lark-cli] auth-response: time=2026-05-08T15:57:35.1943301+08:00 path=/oauth/v1/app/registration status=400 x-tt-logid=2026050815573669E30D6B62F0167CEA7E cmdline=C:\Users\lk\AppData\Roaming\npm\node_modules\@larksuite\cli\bin\lark-cli.exe config init ...
[lark-cli] auth-response: time=2026-05-08T15:57:40.2750456+08:00 path=/oauth/v1/app/registration status=400 x-tt-logid=202605081557419F73B87B511B937D3C1D cmdline=C:\Users\lk\AppData\Roaming\npm\node_modules\@larksuite\cli\bin\lark-cli.exe config init ...
[lark-cli] auth-response: time=2026-05-08T15:57:45.3519377+08:00 path=/oauth/v1/app/registration status=400 x-tt-logid=2026050815574659D05C629726D27F6D63 cmdline=C:\Users\lk\AppData\Roaming\npm\node_modules\@larksuite\cli\bin\lark-cli.exe config init ...
[lark-cli] auth-response: time=2026-05-08T15:57:50.4533566+08:00 path=/oauth/v1/app/registration status=400 x-tt-logid=202605081557519F73B87B511B937D440B cmdline=C:\Users\lk\AppData\Roaming\npm\node_modules\@larksuite\cli\bin\lark-cli.exe config init ...
[lark-cli] auth-response: time=2026-05-08T15:57:55.5530278+08:00 path=/oauth/v1/app/registration status=400 x-tt-logid=20260508155757E54BB47F335D6A8ACF84 cmdline=C:\Users\lk\AppData\Roaming\npm\node_modules\@larksuite\cli\bin\lark-cli.exe config init ...
[lark-cli] auth-response: time=2026-05-08T15:58:00.6329277+08:00 path=/oauth/v1/app/registration status=400 x-tt-logid=2026050815580259D05C629726D27F7A18 cmdline=C:\Users\lk\AppData\Roaming\npm\node_modules\@larksuite\cli\bin\lark-cli.exe config init ...
[lark-cli] auth-response: time=2026-05-08T15:58:05.7230001+08:00 path=/oauth/v1/app/registration status=400 x-tt-logid=202605081558074FB7494DA081B288CB50 cmdline=C:\Users\lk\AppData\Roaming\npm\node_modules\@larksuite\cli\bin\lark-cli.exe config init ...
[lark-cli] auth-response: time=2026-05-08T15:58:10.7930033+08:00 path=/oauth/v1/app/registration status=400 x-tt-logid=2026050815581259D05C629726D27F8219 cmdline=C:\Users\lk\AppData\Roaming\npm\node_modules\@larksuite\cli\bin\lark-cli.exe config init ...
[lark-cli] auth-response: time=2026-05-08T15:58:15.8852857+08:00 path=/oauth/v1/app/registration status=400 x-tt-logid=20260508155817FA21EBB0CE7753874D06 cmdline=C:\Users\lk\AppData\Roaming\npm\node_modules\@larksuite\cli\bin\lark-cli.exe config init ...
[lark-cli] auth-response: time=2026-05-08T15:58:20.9594945+08:00 path=/oauth/v1/app/registration status=400 x-tt-logid=2026050815582259D05C629726D27F89FF cmdline=C:\Users\lk\AppData\Roaming\npm\node_modules\@larksuite\cli\bin\lark-cli.exe config init ...
[lark-cli] auth-response: time=2026-05-08T15:58:26.0389949+08:00 path=/oauth/v1/app/registration status=400 x-tt-logid=202605081558276F2B9B758BA7FE864039 cmdline=C:\Users\lk\AppData\Roaming\npm\node_modules\@larksuite\cli\bin\lark-cli.exe config init ...
[lark-cli] auth-response: time=2026-05-08T15:58:31.1081835+08:00 path=/oauth/v1/app/registration status=400 x-tt-logid=2026050815583259D05C629726D27F9237 cmdline=C:\Users\lk\AppData\Roaming\npm\node_modules\@larksuite\cli\bin\lark-cli.exe config init ...
[lark-cli] auth-response: time=2026-05-08T15:58:36.2264579+08:00 path=/oauth/v1/app/registration status=400 x-tt-logid=20260508155837994726850738EB84DD8F cmdline=C:\Users\lk\AppData\Roaming\npm\node_modules\@larksuite\cli\bin\lark-cli.exe config init ...
[lark-cli] auth-response: time=2026-05-08T15:58:41.2934993+08:00 path=/oauth/v1/app/registration status=400 x-tt-logid=2026050815584259D05C629726D27F9A7F cmdline=C:\Users\lk\AppData\Roaming\npm\node_modules\@larksuite\cli\bin\lark-cli.exe config init ...
[lark-cli] auth-response: time=2026-05-08T15:58:46.3742231+08:00 path=/oauth/v1/app/registration status=400 x-tt-logid=20260508155847CA6C811061940B8912C1 cmdline=C:\Users\lk\AppData\Roaming\npm\node_modules\@larksuite\cli\bin\lark-cli.exe config init ...
[lark-cli] auth-response: time=2026-05-08T15:58:51.4457142+08:00 path=/oauth/v1/app/registration status=400 x-tt-logid=2026050815585359D05C629726D27FA293 cmdline=C:\Users\lk\AppData\Roaming\npm\node_modules\@larksuite\cli\bin\lark-cli.exe config init ...
[lark-cli] auth-response: time=2026-05-08T15:58:56.5246275+08:00 path=/oauth/v1/app/registration status=400 x-tt-logid=20260508155858CA6C811061940B891BF4 cmdline=C:\Users\lk\AppData\Roaming\npm\node_modules\@larksuite\cli\bin\lark-cli.exe config init ...
[lark-cli] auth-response: time=2026-05-08T15:59:01.6030919+08:00 path=/oauth/v1/app/registration status=400 x-tt-logid=2026050815590359D05C629726D27FA9A2 cmdline=C:\Users\lk\AppData\Roaming\npm\node_modules\@larksuite\cli\bin\lark-cli.exe config init ...
[lark-cli] auth-response: time=2026-05-08T15:59:06.6692006+08:00 path=/oauth/v1/app/registration status=400 x-tt-logid=202605081559089F73B87B511B937D8262 cmdline=C:\Users\lk\AppData\Roaming\npm\node_modules\@larksuite\cli\bin\lark-cli.exe config init ...
[lark-cli] auth-response: time=2026-05-08T15:59:11.7605959+08:00 path=/oauth/v1/app/registration status=400 x-tt-logid=20260508155913CA6C811061940B8927D3 cmdline=C:\Users\lk\AppData\Roaming\npm\node_modules\@larksuite\cli\bin\lark-cli.exe config init ...
[lark-cli] auth-response: time=2026-05-08T15:59:16.7007224+08:00 path=/oauth/v1/app/registration status=200 x-tt-logid=20260508155918544EEF1AB81CB381101B cmdline=C:\Users\lk\AppData\Local\npm-cache\_npx\8f08eae71a6e4041\node_modules\@larksuite\cli\bin\lark-cli.exe config init ...
[lark-cli] auth-response: time=2026-05-08T15:59:16.8361808+08:00 path=/oauth/v1/app/registration status=400 x-tt-logid=2026050815591859D05C629726D27FB7B5 cmdline=C:\Users\lk\AppData\Roaming\npm\node_modules\@larksuite\cli\bin\lark-cli.exe config init ...
[lark-cli] auth-response: time=2026-05-08T15:59:21.7399772+08:00 path=/oauth/v1/app/registration status=400 x-tt-logid=202605081559232FA211A340DC6785760F cmdline=C:\Users\lk\AppData\Local\npm-cache\_npx\8f08eae71a6e4041\node_modules\@larksuite\cli\bin\lark-cli.exe config init ...
[lark-cli] auth-response: time=2026-05-08T15:59:21.9286292+08:00 path=/oauth/v1/app/registration status=400 x-tt-logid=20260508155923FE8C51338A556B85BFFA cmdline=C:\Users\lk\AppData\Roaming\npm\node_modules\@larksuite\cli\bin\lark-cli.exe config init ...
[lark-cli] auth-response: time=2026-05-08T15:59:26.994068+08:00 path=/oauth/v1/app/registration status=400 x-tt-logid=202605081559282AF85C08BF345276C4DF cmdline=C:\Users\lk\AppData\Roaming\npm\node_modules\@larksuite\cli\bin\lark-cli.exe config init ...
[lark-cli] auth-response: time=2026-05-08T15:59:27.0284702+08:00 path=/oauth/v1/app/registration status=400 x-tt-logid=20260508155928544EEF1AB81CB38117C3 cmdline=C:\Users\lk\AppData\Local\npm-cache\_npx\8f08eae71a6e4041\node_modules\@larksuite\cli\bin\lark-cli.exe config init ...
[lark-cli] auth-response: time=2026-05-08T15:59:32.064368+08:00 path=/oauth/v1/app/registration status=400 x-tt-logid=2026050815593359D05C629726D27FC509 cmdline=C:\Users\lk\AppData\Roaming\npm\node_modules\@larksuite\cli\bin\lark-cli.exe config init ...
[lark-cli] auth-response: time=2026-05-08T15:59:32.0897867+08:00 path=/oauth/v1/app/registration status=400 x-tt-logid=202605081559338D15212516E3637D07F6 cmdline=C:\Users\lk\AppData\Local\npm-cache\_npx\8f08eae71a6e4041\node_modules\@larksuite\cli\bin\lark-cli.exe config init ...
[lark-cli] auth-response: time=2026-05-08T15:59:37.1463884+08:00 path=/oauth/v1/app/registration status=400 x-tt-logid=20260508155938314A21A5B14BF08AA83F cmdline=C:\Users\lk\AppData\Roaming\npm\node_modules\@larksuite\cli\bin\lark-cli.exe config init ...
[lark-cli] auth-response: time=2026-05-08T15:59:37.1639408+08:00 path=/oauth/v1/app/registration status=400 x-tt-logid=20260508155938544EEF1AB81CB3812065 cmdline=C:\Users\lk\AppData\Local\npm-cache\_npx\8f08eae71a6e4041\node_modules\@larksuite\cli\bin\lark-cli.exe config init ...
[lark-cli] auth-response: time=2026-05-08T15:59:42.225131+08:00 path=/oauth/v1/app/registration status=400 x-tt-logid=202605081559433AC562E1CA544E7B9280 cmdline=C:\Users\lk\AppData\Roaming\npm\node_modules\@larksuite\cli\bin\lark-cli.exe config init ...
[lark-cli] auth-response: time=2026-05-08T15:59:42.2420887+08:00 path=/oauth/v1/app/registration status=400 x-tt-logid=202605081559438D183192CD765078CEF2 cmdline=C:\Users\lk\AppData\Local\npm-cache\_npx\8f08eae71a6e4041\node_modules\@larksuite\cli\bin\lark-cli.exe config init ...
[lark-cli] auth-response: time=2026-05-08T15:59:47.2867077+08:00 path=/oauth/v1/app/registration status=400 x-tt-logid=20260508155948DD5ABCD17E8FAF876BFC cmdline=C:\Users\lk\AppData\Local\npm-cache\_npx\8f08eae71a6e4041\node_modules\@larksuite\cli\bin\lark-cli.exe config init ...
[lark-cli] auth-response: time=2026-05-08T15:59:47.3091994+08:00 path=/oauth/v1/app/registration status=400 x-tt-logid=20260508155948ECFCDD505E0E4D82DE18 cmdline=C:\Users\lk\AppData\Roaming\npm\node_modules\@larksuite\cli\bin\lark-cli.exe config init ...
[lark-cli] auth-response: time=2026-05-08T15:59:52.3305886+08:00 path=/oauth/v1/app/registration status=400 x-tt-logid=20260508155953DD12CF4DE6C8D482E3E8 cmdline=C:\Users\lk\AppData\Local\npm-cache\_npx\8f08eae71a6e4041\node_modules\@larksuite\cli\bin\lark-cli.exe config init ...
[lark-cli] auth-response: time=2026-05-08T15:59:52.4601739+08:00 path=/oauth/v1/app/registration status=400 x-tt-logid=202605081559533AC562E1CA544E7B9A9E cmdline=C:\Users\lk\AppData\Roaming\npm\node_modules\@larksuite\cli\bin\lark-cli.exe config init ...
[lark-cli] auth-response: time=2026-05-08T15:59:57.3636447+08:00 path=/oauth/v1/app/registration status=400 x-tt-logid=20260508155958B80C277ADE80097B0E2A cmdline=C:\Users\lk\AppData\Local\npm-cache\_npx\8f08eae71a6e4041\node_modules\@larksuite\cli\bin\lark-cli.exe config init ...
[lark-cli] auth-response: time=2026-05-08T15:59:57.5414302+08:00 path=/oauth/v1/app/registration status=400 x-tt-logid=20260508155959314A21A5B14BF08ABB08 cmdline=C:\Users\lk\AppData\Roaming\npm\node_modules\@larksuite\cli\bin\lark-cli.exe config init ...
[lark-cli] auth-response: time=2026-05-08T16:00:02.4128329+08:00 path=/oauth/v1/app/registration status=400 x-tt-logid=20260508160003DD12CF4DE6C8D482EDE2 cmdline=C:\Users\lk\AppData\Local\npm-cache\_npx\8f08eae71a6e4041\node_modules\@larksuite\cli\bin\lark-cli.exe config init ...
[lark-cli] auth-response: time=2026-05-08T16:00:02.6173939+08:00 path=/oauth/v1/app/registration status=400 x-tt-logid=202605081600043AC562E1CA544E7BA276 cmdline=C:\Users\lk\AppData\Roaming\npm\node_modules\@larksuite\cli\bin\lark-cli.exe config init ...
[lark-cli] auth-response: time=2026-05-08T16:00:07.4636913+08:00 path=/oauth/v1/app/registration status=400 x-tt-logid=20260508160009DD12CF4DE6C8D482F2BA cmdline=C:\Users\lk\AppData\Local\npm-cache\_npx\8f08eae71a6e4041\node_modules\@larksuite\cli\bin\lark-cli.exe config init ...
[lark-cli] auth-response: time=2026-05-08T16:00:07.7525556+08:00 path=/oauth/v1/app/registration status=400 x-tt-logid=20260508160009314A21A5B14BF08AC648 cmdline=C:\Users\lk\AppData\Roaming\npm\node_modules\@larksuite\cli\bin\lark-cli.exe config init ...
[lark-cli] auth-response: time=2026-05-08T16:00:12.4942863+08:00 path=/oauth/v1/app/registration status=400 x-tt-logid=2026050816001452B54AA6463BFC7C7165 cmdline=C:\Users\lk\AppData\Local\npm-cache\_npx\8f08eae71a6e4041\node_modules\@larksuite\cli\bin\lark-cli.exe config init ...
[lark-cli] auth-response: time=2026-05-08T16:00:12.8169979+08:00 path=/oauth/v1/app/registration status=400 x-tt-logid=202605081600149F71D367C8BC207A9FCB cmdline=C:\Users\lk\AppData\Roaming\npm\node_modules\@larksuite\cli\bin\lark-cli.exe config init ...
[lark-cli] auth-response: time=2026-05-08T16:00:17.5470338+08:00 path=/oauth/v1/app/registration status=400 x-tt-logid=20260508160019DD5ABCD17E8FAF8784CF cmdline=C:\Users\lk\AppData\Local\npm-cache\_npx\8f08eae71a6e4041\node_modules\@larksuite\cli\bin\lark-cli.exe config init ...
[lark-cli] auth-response: time=2026-05-08T16:00:17.8966069+08:00 path=/oauth/v1/app/registration status=400 x-tt-logid=20260508160019CAED86C20DCB447EA038 cmdline=C:\Users\lk\AppData\Roaming\npm\node_modules\@larksuite\cli\bin\lark-cli.exe config init ...
[lark-cli] auth-response: time=2026-05-08T16:00:22.6577878+08:00 path=/oauth/v1/app/registration status=400 x-tt-logid=20260508160024B80C277ADE80097B243B cmdline=C:\Users\lk\AppData\Local\npm-cache\_npx\8f08eae71a6e4041\node_modules\@larksuite\cli\bin\lark-cli.exe config init ...
[lark-cli] auth-response: time=2026-05-08T16:00:22.9698634+08:00 path=/oauth/v1/app/registration status=400 x-tt-logid=2026050816002427E71C11105BC37B8918 cmdline=C:\Users\lk\AppData\Roaming\npm\node_modules\@larksuite\cli\bin\lark-cli.exe config init ...
[lark-cli] auth-response: time=2026-05-08T16:00:27.8248326+08:00 path=/oauth/v1/app/registration status=400 x-tt-logid=20260508160029544EEF1AB81CB3814FE0 cmdline=C:\Users\lk\AppData\Local\npm-cache\_npx\8f08eae71a6e4041\node_modules\@larksuite\cli\bin\lark-cli.exe config init ...
[lark-cli] auth-response: time=2026-05-08T16:00:28.0523141+08:00 path=/oauth/v1/app/registration status=400 x-tt-logid=20260508160029314A21A5B14BF08AD925 cmdline=C:\Users\lk\AppData\Roaming\npm\node_modules\@larksuite\cli\bin\lark-cli.exe config init ...
[lark-cli] auth-response: time=2026-05-08T16:00:32.8608684+08:00 path=/oauth/v1/app/registration status=400 x-tt-logid=20260508160034B80C277ADE80097B2C87 cmdline=C:\Users\lk\AppData\Local\npm-cache\_npx\8f08eae71a6e4041\node_modules\@larksuite\cli\bin\lark-cli.exe config init ...
[lark-cli] auth-response: time=2026-05-08T16:00:33.13996+08:00 path=/oauth/v1/app/registration status=400 x-tt-logid=2026050816003427E71C11105BC37B91FF cmdline=C:\Users\lk\AppData\Roaming\npm\node_modules\@larksuite\cli\bin\lark-cli.exe config init ...
[lark-cli] auth-response: time=2026-05-08T16:00:37.9993004+08:00 path=/oauth/v1/app/registration status=200 x-tt-logid=20260508160039544EEF1AB81CB38157CC cmdline=C:\Users\lk\AppData\Local\npm-cache\_npx\8f08eae71a6e4041\node_modules\@larksuite\cli\bin\lark-cli.exe config init ...
[lark-cli] auth-response: time=2026-05-08T16:00:38.2679767+08:00 path=/oauth/v1/app/registration status=400 x-tt-logid=2026050816003927E71C11105BC37B974A cmdline=C:\Users\lk\AppData\Roaming\npm\node_modules\@larksuite\cli\bin\lark-cli.exe config init ...
[lark-cli] auth-response: time=2026-05-08T16:00:43.4235419+08:00 path=/oauth/v1/app/registration status=400 x-tt-logid=20260508160044CAED86C20DCB447EBA7B cmdline=C:\Users\lk\AppData\Roaming\npm\node_modules\@larksuite\cli\bin\lark-cli.exe config init ...
[lark-cli] auth-response: time=2026-05-08T16:00:48.638445+08:00 path=/oauth/v1/app/registration status=400 x-tt-logid=20260508160050143B20ADA2505F7EA099 cmdline=C:\Users\lk\AppData\Roaming\npm\node_modules\@larksuite\cli\bin\lark-cli.exe config init ...
[lark-cli] auth-response: time=2026-05-08T16:00:53.7133123+08:00 path=/oauth/v1/app/registration status=400 x-tt-logid=20260508160055143B20ADA2505F7EA51D cmdline=C:\Users\lk\AppData\Roaming\npm\node_modules\@larksuite\cli\bin\lark-cli.exe config init ...
[lark-cli] auth-response: time=2026-05-08T16:00:58.7974647+08:00 path=/oauth/v1/app/registration status=400 x-tt-logid=202605081601008905CD0AA563C583801C cmdline=C:\Users\lk\AppData\Roaming\npm\node_modules\@larksuite\cli\bin\lark-cli.exe config init ...
[lark-cli] auth-response: time=2026-05-08T16:01:00.3771974+08:00 path=/oauth/v1/device_authorization status=200 x-tt-logid=20260508160101E76219D3C68B657D8749 cmdline=C:\Users\lk\AppData\Local\npm-cache\_npx\8f08eae71a6e4041\node_modules\@larksuite\cli\bin\lark-cli.exe auth login
[lark-cli] auth-response: time=2026-05-08T16:01:03.8996174+08:00 path=/oauth/v1/app/registration status=400 x-tt-logid=20260508160105143B20ADA2505F7EAD0D cmdline=C:\Users\lk\AppData\Roaming\npm\node_modules\@larksuite\cli\bin\lark-cli.exe config init ...
[lark-cli] auth-response: time=2026-05-08T16:01:05.5302057+08:00 path=/open-apis/authen/v2/oauth/token status=400 x-tt-logid=20260508160107E20BC1D97BE36B87EEE1 cmdline=C:\Users\lk\AppData\Local\npm-cache\_npx\8f08eae71a6e4041\node_modules\@larksuite\cli\bin\lark-cli.exe auth login
[lark-cli] auth-response: time=2026-05-08T16:01:09.1323138+08:00 path=/oauth/v1/app/registration status=400 x-tt-logid=20260508160110F5C9C7E15885427DC08E cmdline=C:\Users\lk\AppData\Roaming\npm\node_modules\@larksuite\cli\bin\lark-cli.exe config init ...
[lark-cli] auth-response: time=2026-05-08T16:01:10.6295766+08:00 path=/open-apis/authen/v2/oauth/token status=400 x-tt-logid=20260508160112AC543E20A01EE77FEF29 cmdline=C:\Users\lk\AppData\Local\npm-cache\_npx\8f08eae71a6e4041\node_modules\@larksuite\cli\bin\lark-cli.exe auth login
[lark-cli] auth-response: time=2026-05-08T16:01:14.2334734+08:00 path=/oauth/v1/app/registration status=400 x-tt-logid=202605081601156FDBCE888C2AE27C77C1 cmdline=C:\Users\lk\AppData\Roaming\npm\node_modules\@larksuite\cli\bin\lark-cli.exe config init ...
[lark-cli] auth-response: time=2026-05-08T16:01:15.693412+08:00 path=/open-apis/authen/v2/oauth/token status=400 x-tt-logid=20260508160117E20BC1D97BE36B87F8BD cmdline=C:\Users\lk\AppData\Local\npm-cache\_npx\8f08eae71a6e4041\node_modules\@larksuite\cli\bin\lark-cli.exe auth login
[lark-cli] auth-response: time=2026-05-08T16:01:19.3146498+08:00 path=/oauth/v1/app/registration status=400 x-tt-logid=20260508160120F5C9C7E15885427DCB08 cmdline=C:\Users\lk\AppData\Roaming\npm\node_modules\@larksuite\cli\bin\lark-cli.exe config init ...
[lark-cli] auth-response: time=2026-05-08T16:01:21.0316669+08:00 path=/open-apis/authen/v2/oauth/token status=200 x-tt-logid=20260508160122BA7D963DBFB76A8B8DD1 cmdline=C:\Users\lk\AppData\Local\npm-cache\_npx\8f08eae71a6e4041\node_modules\@larksuite\cli\bin\lark-cli.exe auth login
[lark-cli] auth-response: time=2026-05-08T16:01:24.3841849+08:00 path=/oauth/v1/app/registration status=400 x-tt-logid=20260508160125A91BFAE4EC3BC87B143B cmdline=C:\Users\lk\AppData\Roaming\npm\node_modules\@larksuite\cli\bin\lark-cli.exe config init ...
[lark-cli] auth-response: time=2026-05-08T16:01:29.5163624+08:00 path=/oauth/v1/app/registration status=400 x-tt-logid=2026050816013132FB60962CC8B486249B cmdline=C:\Users\lk\AppData\Roaming\npm\node_modules\@larksuite\cli\bin\lark-cli.exe config init ...
[lark-cli] auth-response: time=2026-05-08T16:01:34.5958433+08:00 path=/oauth/v1/app/registration status=400 x-tt-logid=2026050816013632FB60962CC8B4862A21 cmdline=C:\Users\lk\AppData\Roaming\npm\node_modules\@larksuite\cli\bin\lark-cli.exe config init ...
[lark-cli] auth-response: time=2026-05-08T16:01:39.6895803+08:00 path=/oauth/v1/app/registration status=400 x-tt-logid=202605081601414BFE78E250F2AE7C1877 cmdline=C:\Users\lk\AppData\Roaming\npm\node_modules\@larksuite\cli\bin\lark-cli.exe config init ...
[lark-cli] auth-response: time=2026-05-08T16:01:44.7648875+08:00 path=/oauth/v1/app/registration status=400 x-tt-logid=2026050816014632FB60962CC8B4863295 cmdline=C:\Users\lk\AppData\Roaming\npm\node_modules\@larksuite\cli\bin\lark-cli.exe config init ...
[lark-cli] auth-response: time=2026-05-08T16:01:49.8619102+08:00 path=/oauth/v1/app/registration status=400 x-tt-logid=20260508160151A6432F3B288FBC83F4EB cmdline=C:\Users\lk\AppData\Roaming\npm\node_modules\@larksuite\cli\bin\lark-cli.exe config init ...
[lark-cli] auth-response: time=2026-05-08T16:01:54.9361928+08:00 path=/oauth/v1/app/registration status=400 x-tt-logid=202605081601566FDBCE888C2AE27C9FF7 cmdline=C:\Users\lk\AppData\Roaming\npm\node_modules\@larksuite\cli\bin\lark-cli.exe config init ...
[lark-cli] auth-response: time=2026-05-08T16:01:59.9994562+08:00 path=/oauth/v1/app/registration status=400 x-tt-logid=20260508160201B83222E74F1ECD7B9124 cmdline=C:\Users\lk\AppData\Roaming\npm\node_modules\@larksuite\cli\bin\lark-cli.exe config init ...
[lark-cli] auth-response: time=2026-05-08T16:02:05.0869566+08:00 path=/oauth/v1/app/registration status=400 x-tt-logid=20260508160206A6432F3B288FBC8402E0 cmdline=C:\Users\lk\AppData\Roaming\npm\node_modules\@larksuite\cli\bin\lark-cli.exe config init ...
[lark-cli] auth-response: time=2026-05-08T16:02:10.1618239+08:00 path=/oauth/v1/app/registration status=400 x-tt-logid=202605081602116FDBCE888C2AE27CAC02 cmdline=C:\Users\lk\AppData\Roaming\npm\node_modules\@larksuite\cli\bin\lark-cli.exe config init ...
[lark-cli] auth-response: time=2026-05-08T16:02:15.241673+08:00 path=/oauth/v1/app/registration status=400 x-tt-logid=20260508160216A6432F3B288FBC840D08 cmdline=C:\Users\lk\AppData\Roaming\npm\node_modules\@larksuite\cli\bin\lark-cli.exe config init ...
[lark-cli] auth-response: time=2026-05-08T16:02:20.3177752+08:00 path=/oauth/v1/app/registration status=400 x-tt-logid=202605081602216FDBCE888C2AE27CB4DE cmdline=C:\Users\lk\AppData\Roaming\npm\node_modules\@larksuite\cli\bin\lark-cli.exe config init ...
[lark-cli] auth-response: time=2026-05-08T16:02:25.408927+08:00 path=/oauth/v1/app/registration status=400 x-tt-logid=20260508160226E3E8EAAA52A8AC8812D9 cmdline=C:\Users\lk\AppData\Roaming\npm\node_modules\@larksuite\cli\bin\lark-cli.exe config init ...
[lark-cli] auth-response: time=2026-05-08T16:02:30.5196724+08:00 path=/oauth/v1/app/registration status=400 x-tt-logid=20260508160232B83222E74F1ECD7BAC28 cmdline=C:\Users\lk\AppData\Roaming\npm\node_modules\@larksuite\cli\bin\lark-cli.exe config init ...
[lark-cli] auth-response: time=2026-05-08T16:02:35.60934+08:00 path=/oauth/v1/app/registration status=400 x-tt-logid=20260508160237E3E8EAAA52A8AC881B73 cmdline=C:\Users\lk\AppData\Roaming\npm\node_modules\@larksuite\cli\bin\lark-cli.exe config init ...
[lark-cli] auth-response: time=2026-05-08T16:02:40.6879299+08:00 path=/oauth/v1/app/registration status=400 x-tt-logid=20260508160242E3E8EAAA52A8AC881FEF cmdline=C:\Users\lk\AppData\Roaming\npm\node_modules\@larksuite\cli\bin\lark-cli.exe config init ...
[lark-cli] auth-response: time=2026-05-08T16:02:45.7593397+08:00 path=/oauth/v1/app/registration status=400 x-tt-logid=20260508160247B83222E74F1ECD7BB909 cmdline=C:\Users\lk\AppData\Roaming\npm\node_modules\@larksuite\cli\bin\lark-cli.exe config init ...
[lark-cli] auth-response: time=2026-05-08T16:02:50.8459818+08:00 path=/oauth/v1/app/registration status=400 x-tt-logid=2026050816025238D9B89146E13E7DB07B cmdline=C:\Users\lk\AppData\Roaming\npm\node_modules\@larksuite\cli\bin\lark-cli.exe config init ...
[lark-cli] auth-response: time=2026-05-08T16:02:55.9273373+08:00 path=/oauth/v1/app/registration status=400 x-tt-logid=20260508160257B83222E74F1ECD7BC2BD cmdline=C:\Users\lk\AppData\Roaming\npm\node_modules\@larksuite\cli\bin\lark-cli.exe config init ...
[lark-cli] auth-response: time=2026-05-08T16:03:01.0110345+08:00 path=/oauth/v1/app/registration status=400 x-tt-logid=2026050816030238D9B89146E13E7DB91A cmdline=C:\Users\lk\AppData\Roaming\npm\node_modules\@larksuite\cli\bin\lark-cli.exe config init ...
[lark-cli] auth-response: time=2026-05-08T16:03:06.0867827+08:00 path=/oauth/v1/app/registration status=400 x-tt-logid=2026050816030749B013D68CA6407D803F cmdline=C:\Users\lk\AppData\Roaming\npm\node_modules\@larksuite\cli\bin\lark-cli.exe config init ...
[lark-cli] auth-response: time=2026-05-08T16:03:11.1730085+08:00 path=/oauth/v1/app/registration status=400 x-tt-logid=2026050816031238D9B89146E13E7DC0E2 cmdline=C:\Users\lk\AppData\Roaming\npm\node_modules\@larksuite\cli\bin\lark-cli.exe config init ...
[lark-cli] auth-response: time=2026-05-08T16:03:16.236934+08:00 path=/oauth/v1/app/registration status=400 x-tt-logid=2026050816031749B013D68CA6407D88D3 cmdline=C:\Users\lk\AppData\Roaming\npm\node_modules\@larksuite\cli\bin\lark-cli.exe config init ...
[lark-cli] auth-response: time=2026-05-08T16:03:21.3331834+08:00 path=/oauth/v1/app/registration status=400 x-tt-logid=202605081603221B8BEF59D6902885035A cmdline=C:\Users\lk\AppData\Roaming\npm\node_modules\@larksuite\cli\bin\lark-cli.exe config init ...
[lark-cli] auth-response: time=2026-05-08T16:03:26.4149521+08:00 path=/oauth/v1/app/registration status=400 x-tt-logid=2026050816032749B013D68CA6407D9114 cmdline=C:\Users\lk\AppData\Roaming\npm\node_modules\@larksuite\cli\bin\lark-cli.exe config init ...
[lark-cli] auth-response: time=2026-05-08T16:03:31.4828639+08:00 path=/oauth/v1/app/registration status=400 x-tt-logid=20260508160333B83222E74F1ECD7BE035 cmdline=C:\Users\lk\AppData\Roaming\npm\node_modules\@larksuite\cli\bin\lark-cli.exe config init ...
[lark-cli] auth-response: time=2026-05-08T16:03:36.5778817+08:00 path=/oauth/v1/app/registration status=400 x-tt-logid=202605081603381B8BEF59D690288511DC cmdline=C:\Users\lk\AppData\Roaming\npm\node_modules\@larksuite\cli\bin\lark-cli.exe config init ...
[lark-cli] auth-response: time=2026-05-08T16:03:41.6394354+08:00 path=/oauth/v1/app/registration status=400 x-tt-logid=2026050816034349B013D68CA6407D9DB6 cmdline=C:\Users\lk\AppData\Roaming\npm\node_modules\@larksuite\cli\bin\lark-cli.exe config init ...
[lark-cli] auth-response: time=2026-05-08T16:03:46.7182877+08:00 path=/oauth/v1/app/registration status=400 x-tt-logid=202605081603481B8BEF59D69028851AC3 cmdline=C:\Users\lk\AppData\Roaming\npm\node_modules\@larksuite\cli\bin\lark-cli.exe config init ...
[lark-cli] auth-response: time=2026-05-08T16:03:51.7915763+08:00 path=/oauth/v1/app/registration status=400 x-tt-logid=20260508160353B83222E74F1ECD7BEEE7 cmdline=C:\Users\lk\AppData\Roaming\npm\node_modules\@larksuite\cli\bin\lark-cli.exe config init ...
[lark-cli] auth-response: time=2026-05-08T16:03:56.8985064+08:00 path=/oauth/v1/app/registration status=400 x-tt-logid=20260508160358759BE82297A5EC7D3A7A cmdline=C:\Users\lk\AppData\Roaming\npm\node_modules\@larksuite\cli\bin\lark-cli.exe config init ...
[lark-cli] auth-response: time=2026-05-08T16:04:02.0557003+08:00 path=/oauth/v1/app/registration status=400 x-tt-logid=2026050816040304B34BBC3D6D5D83246E cmdline=C:\Users\lk\AppData\Roaming\npm\node_modules\@larksuite\cli\bin\lark-cli.exe config init ...
[lark-cli] auth-response: time=2026-05-08T16:04:07.1189267+08:00 path=/oauth/v1/app/registration status=400 x-tt-logid=20260508160408B83222E74F1ECD7BF9E0 cmdline=C:\Users\lk\AppData\Roaming\npm\node_modules\@larksuite\cli\bin\lark-cli.exe config init ...
[lark-cli] auth-response: time=2026-05-08T16:04:12.2030417+08:00 path=/oauth/v1/app/registration status=400 x-tt-logid=202605081604131B8BEF59D6902885304A cmdline=C:\Users\lk\AppData\Roaming\npm\node_modules\@larksuite\cli\bin\lark-cli.exe config init ...
[lark-cli] auth-response: time=2026-05-08T16:04:17.2680988+08:00 path=/oauth/v1/app/registration status=400 x-tt-logid=202605081604186C0EEDCD814C9F7F0ED3 cmdline=C:\Users\lk\AppData\Roaming\npm\node_modules\@larksuite\cli\bin\lark-cli.exe config init ...
[lark-cli] auth-response: time=2026-05-08T16:04:22.3545269+08:00 path=/oauth/v1/app/registration status=400 x-tt-logid=2026050816042308FAC1BC69601F84539C cmdline=C:\Users\lk\AppData\Roaming\npm\node_modules\@larksuite\cli\bin\lark-cli.exe config init ...
[lark-cli] auth-response: time=2026-05-08T16:04:27.4206978+08:00 path=/oauth/v1/app/registration status=400 x-tt-logid=202605081604286C0EEDCD814C9F7F17AB cmdline=C:\Users\lk\AppData\Roaming\npm\node_modules\@larksuite\cli\bin\lark-cli.exe config init ...
[lark-cli] auth-response: time=2026-05-08T16:04:32.5116355+08:00 path=/oauth/v1/app/registration status=400 x-tt-logid=202605081604341CB44E9E4B678880D187 cmdline=C:\Users\lk\AppData\Roaming\npm\node_modules\@larksuite\cli\bin\lark-cli.exe config init ...
[lark-cli] auth-response: time=2026-05-08T16:04:37.5856901+08:00 path=/oauth/v1/app/registration status=400 x-tt-logid=20260508160439759BE82297A5EC7D6578 cmdline=C:\Users\lk\AppData\Roaming\npm\node_modules\@larksuite\cli\bin\lark-cli.exe config init ...
[lark-cli] auth-response: time=2026-05-08T16:04:42.6674104+08:00 path=/oauth/v1/app/registration status=400 x-tt-logid=202605081604441CB44E9E4B678880DC3C cmdline=C:\Users\lk\AppData\Roaming\npm\node_modules\@larksuite\cli\bin\lark-cli.exe config init ...
[lark-cli] auth-response: time=2026-05-08T16:04:47.7533297+08:00 path=/oauth/v1/app/registration status=400 x-tt-logid=20260508160449759BE82297A5EC7D6F9A cmdline=C:\Users\lk\AppData\Roaming\npm\node_modules\@larksuite\cli\bin\lark-cli.exe config init ...
[lark-cli] auth-response: time=2026-05-08T16:04:52.8568313+08:00 path=/oauth/v1/app/registration status=400 x-tt-logid=202605081604544778CAC060E9107EC345 cmdline=C:\Users\lk\AppData\Roaming\npm\node_modules\@larksuite\cli\bin\lark-cli.exe config init ...
[lark-cli] auth-response: time=2026-05-08T16:04:57.9595392+08:00 path=/oauth/v1/app/registration status=400 x-tt-logid=2026050816045908FE65F97680817B14F6 cmdline=C:\Users\lk\AppData\Roaming\npm\node_modules\@larksuite\cli\bin\lark-cli.exe config init ...
[lark-cli] auth-response: time=2026-05-08T16:05:03.0197103+08:00 path=/oauth/v1/app/registration status=400 x-tt-logid=20260508160504375C5871C1D3FC7CC6B8 cmdline=C:\Users\lk\AppData\Roaming\npm\node_modules\@larksuite\cli\bin\lark-cli.exe config init ...
[lark-cli] auth-response: time=2026-05-08T16:05:08.1013976+08:00 path=/oauth/v1/app/registration status=400 x-tt-logid=202605081605094778CAC060E9107ECDCB cmdline=C:\Users\lk\AppData\Roaming\npm\node_modules\@larksuite\cli\bin\lark-cli.exe config init ...
[lark-cli] auth-response: time=2026-05-08T16:05:13.1928746+08:00 path=/oauth/v1/app/registration status=400 x-tt-logid=20260508160514759BE82297A5EC7D84AB cmdline=C:\Users\lk\AppData\Roaming\npm\node_modules\@larksuite\cli\bin\lark-cli.exe config init ...
[lark-cli] auth-response: time=2026-05-08T16:05:18.3826187+08:00 path=/oauth/v1/app/registration status=400 x-tt-logid=20260508160519759BE82297A5EC7D8960 cmdline=C:\Users\lk\AppData\Roaming\npm\node_modules\@larksuite\cli\bin\lark-cli.exe config init ...
[lark-cli] auth-response: time=2026-05-08T16:05:23.5079537+08:00 path=/oauth/v1/app/registration status=400 x-tt-logid=202605081605257DB1EEFE92C3F2815509 cmdline=C:\Users\lk\AppData\Roaming\npm\node_modules\@larksuite\cli\bin\lark-cli.exe config init ...
[lark-cli] auth-response: time=2026-05-08T16:05:28.5681739+08:00 path=/oauth/v1/app/registration status=400 x-tt-logid=20260508160530375C5871C1D3FC7CDAD7 cmdline=C:\Users\lk\AppData\Roaming\npm\node_modules\@larksuite\cli\bin\lark-cli.exe config init ...
[lark-cli] auth-response: time=2026-05-08T16:05:33.6531076+08:00 path=/oauth/v1/app/registration status=400 x-tt-logid=202605081605357DB1EEFE92C3F2815CA3 cmdline=C:\Users\lk\AppData\Roaming\npm\node_modules\@larksuite\cli\bin\lark-cli.exe config init ...
[lark-cli] auth-response: time=2026-05-08T16:05:38.7365277+08:00 path=/oauth/v1/app/registration status=400 x-tt-logid=20260508160540389FCC6D7A0E437EFC3A cmdline=C:\Users\lk\AppData\Roaming\npm\node_modules\@larksuite\cli\bin\lark-cli.exe config init ...
[lark-cli] auth-response: time=2026-05-08T16:05:43.8107719+08:00 path=/oauth/v1/app/registration status=400 x-tt-logid=20260508160545375C5871C1D3FC7CE733 cmdline=C:\Users\lk\AppData\Roaming\npm\node_modules\@larksuite\cli\bin\lark-cli.exe config init ...
[lark-cli] auth-response: time=2026-05-08T16:05:48.9154584+08:00 path=/oauth/v1/app/registration status=400 x-tt-logid=20260508160550389FCC6D7A0E437F041C cmdline=C:\Users\lk\AppData\Roaming\npm\node_modules\@larksuite\cli\bin\lark-cli.exe config init ...
[lark-cli] auth-response: time=2026-05-08T16:05:53.9998798+08:00 path=/oauth/v1/app/registration status=400 x-tt-logid=20260508160555375C5871C1D3FC7CEFD0 cmdline=C:\Users\lk\AppData\Roaming\npm\node_modules\@larksuite\cli\bin\lark-cli.exe config init ...
[lark-cli] auth-response: time=2026-05-08T16:05:59.081621+08:00 path=/oauth/v1/app/registration status=400 x-tt-logid=2026050816060003C13433EC077182E485 cmdline=C:\Users\lk\AppData\Roaming\npm\node_modules\@larksuite\cli\bin\lark-cli.exe config init ...
[lark-cli] auth-response: time=2026-05-08T16:06:04.1574582+08:00 path=/oauth/v1/app/registration status=400 x-tt-logid=20260508160605B1571023A487127F5DD2 cmdline=C:\Users\lk\AppData\Roaming\npm\node_modules\@larksuite\cli\bin\lark-cli.exe config init ...
[lark-cli] auth-response: time=2026-05-08T16:06:09.2533603+08:00 path=/oauth/v1/app/registration status=400 x-tt-logid=20260508160610EC1A06A710625B8462B8 cmdline=C:\Users\lk\AppData\Roaming\npm\node_modules\@larksuite\cli\bin\lark-cli.exe config init ...
[lark-cli] auth-response: time=2026-05-08T16:06:14.3212869+08:00 path=/oauth/v1/app/registration status=400 x-tt-logid=20260508160615B1571023A487127F663F cmdline=C:\Users\lk\AppData\Roaming\npm\node_modules\@larksuite\cli\bin\lark-cli.exe config init ...
[lark-cli] auth-response: time=2026-05-08T16:06:19.4012968+08:00 path=/oauth/v1/app/registration status=400 x-tt-logid=2026050816062003C13433EC077182F699 cmdline=C:\Users\lk\AppData\Roaming\npm\node_modules\@larksuite\cli\bin\lark-cli.exe config init ...
[lark-cli] auth-response: time=2026-05-08T16:06:24.469055+08:00 path=/oauth/v1/app/registration status=400 x-tt-logid=20260508160626759BE82297A5EC7DC005 cmdline=C:\Users\lk\AppData\Roaming\npm\node_modules\@larksuite\cli\bin\lark-cli.exe config init ...
[lark-cli] auth-response: time=2026-05-08T16:06:29.5571638+08:00 path=/oauth/v1/app/registration status=400 x-tt-logid=2026050816063103C13433EC077182FE7B cmdline=C:\Users\lk\AppData\Roaming\npm\node_modules\@larksuite\cli\bin\lark-cli.exe config init ...
[lark-cli] auth-response: time=2026-05-08T16:06:34.657794+08:00 path=/oauth/v1/app/registration status=400 x-tt-logid=20260508160636759BE82297A5EC7DC97D cmdline=C:\Users\lk\AppData\Roaming\npm\node_modules\@larksuite\cli\bin\lark-cli.exe config init ...
[lark-cli] auth-response: time=2026-05-08T16:06:39.7351756+08:00 path=/oauth/v1/app/registration status=400 x-tt-logid=202605081606414CA586771CDFD8839088 cmdline=C:\Users\lk\AppData\Roaming\npm\node_modules\@larksuite\cli\bin\lark-cli.exe config init ...
[lark-cli] auth-response: time=2026-05-08T16:06:44.7992044+08:00 path=/oauth/v1/app/registration status=400 x-tt-logid=2026050816064674FE9BFF911DB17E61F9 cmdline=C:\Users\lk\AppData\Roaming\npm\node_modules\@larksuite\cli\bin\lark-cli.exe config init ...
[lark-cli] auth-response: time=2026-05-08T16:06:49.8831333+08:00 path=/oauth/v1/app/registration status=400 x-tt-logid=202605081606514CA586771CDFD8839A19 cmdline=C:\Users\lk\AppData\Roaming\npm\node_modules\@larksuite\cli\bin\lark-cli.exe config init ...
[lark-cli] auth-response: time=2026-05-08T16:06:54.9554407+08:00 path=/oauth/v1/app/registration status=400 x-tt-logid=202605081606562AA062706A2F4C7A10DA cmdline=C:\Users\lk\AppData\Roaming\npm\node_modules\@larksuite\cli\bin\lark-cli.exe config init ...
[lark-cli] auth-response: time=2026-05-08T16:07:00.0343395+08:00 path=/oauth/v1/app/registration status=400 x-tt-logid=202605081607018CE01CA07CA5E283F837 cmdline=C:\Users\lk\AppData\Roaming\npm\node_modules\@larksuite\cli\bin\lark-cli.exe config init ...
[lark-cli] auth-response: time=2026-05-08T16:07:05.1280798+08:00 path=/oauth/v1/app/registration status=400 x-tt-logid=202605081607068CE01CA07CA5E283FD1C cmdline=C:\Users\lk\AppData\Roaming\npm\node_modules\@larksuite\cli\bin\lark-cli.exe config init ...
[lark-cli] auth-response: time=2026-05-08T16:07:10.2344212+08:00 path=/oauth/v1/app/registration status=400 x-tt-logid=202605081607112AA062706A2F4C7A1BB2 cmdline=C:\Users\lk\AppData\Roaming\npm\node_modules\@larksuite\cli\bin\lark-cli.exe config init ...
[lark-cli] auth-response: time=2026-05-08T16:07:15.3201142+08:00 path=/oauth/v1/app/registration status=400 x-tt-logid=20260508160716389FCC6D7A0E437F5155 cmdline=C:\Users\lk\AppData\Roaming\npm\node_modules\@larksuite\cli\bin\lark-cli.exe config init ...
[lark-cli] auth-response: time=2026-05-08T16:07:20.3948647+08:00 path=/oauth/v1/app/registration status=400 x-tt-logid=2026050816072137BCA72A630F8777BD72 cmdline=C:\Users\lk\AppData\Roaming\npm\node_modules\@larksuite\cli\bin\lark-cli.exe config init ...
[lark-cli] auth-response: time=2026-05-08T16:07:25.4802053+08:00 path=/oauth/v1/app/registration status=400 x-tt-logid=20260508160727EDAFA3F2AAFB8C86D51F cmdline=C:\Users\lk\AppData\Roaming\npm\node_modules\@larksuite\cli\bin\lark-cli.exe config init ...
[lark-cli] auth-response: time=2026-05-08T16:07:30.5591404+08:00 path=/oauth/v1/app/registration status=400 x-tt-logid=20260508160732759BE82297A5EC7DF80C cmdline=C:\Users\lk\AppData\Roaming\npm\node_modules\@larksuite\cli\bin\lark-cli.exe config init ...
[lark-cli] auth-response: time=2026-05-08T16:07:35.6703621+08:00 path=/oauth/v1/app/registration status=400 x-tt-logid=202605081607374D59882E0D5E9D80AC12 cmdline=C:\Users\lk\AppData\Roaming\npm\node_modules\@larksuite\cli\bin\lark-cli.exe config init ...
[lark-cli] auth-response: time=2026-05-08T16:07:40.7343189+08:00 path=/oauth/v1/app/registration status=400 x-tt-logid=20260508160742759BE82297A5EC7E003E cmdline=C:\Users\lk\AppData\Roaming\npm\node_modules\@larksuite\cli\bin\lark-cli.exe config init ...
[lark-cli] auth-response: time=2026-05-08T16:07:45.8114784+08:00 path=/oauth/v1/app/registration status=400 x-tt-logid=202605081607474CA586771CDFD883CE99 cmdline=C:\Users\lk\AppData\Roaming\npm\node_modules\@larksuite\cli\bin\lark-cli.exe config init ...
[lark-cli] auth-response: time=2026-05-08T16:07:50.8856102+08:00 path=/oauth/v1/app/registration status=400 x-tt-logid=20260508160752C1121EF3C567DC7E8005 cmdline=C:\Users\lk\AppData\Roaming\npm\node_modules\@larksuite\cli\bin\lark-cli.exe config init ...
[lark-cli] auth-response: time=2026-05-08T16:07:55.9632613+08:00 path=/oauth/v1/app/registration status=400 x-tt-logid=202605081607574D59882E0D5E9D80BC96 cmdline=C:\Users\lk\AppData\Roaming\npm\node_modules\@larksuite\cli\bin\lark-cli.exe config init ...
[lark-cli] auth-response: time=2026-05-08T16:08:01.0285516+08:00 path=/oauth/v1/app/registration status=400 x-tt-logid=20260508160802C1121EF3C567DC7E8843 cmdline=C:\Users\lk\AppData\Roaming\npm\node_modules\@larksuite\cli\bin\lark-cli.exe config init ...
[lark-cli] auth-response: time=2026-05-08T16:08:06.0922371+08:00 path=/oauth/v1/app/registration status=400 x-tt-logid=20260508160807759BE82297A5EC7E184C cmdline=C:\Users\lk\AppData\Roaming\npm\node_modules\@larksuite\cli\bin\lark-cli.exe config init ...
[lark-cli] auth-response: time=2026-05-08T16:08:11.1715614+08:00 path=/oauth/v1/app/registration status=400 x-tt-logid=202605081608124CA586771CDFD883E243 cmdline=C:\Users\lk\AppData\Roaming\npm\node_modules\@larksuite\cli\bin\lark-cli.exe config init ...
[lark-cli] auth-response: time=2026-05-08T16:08:16.2361858+08:00 path=/oauth/v1/app/registration status=400 x-tt-logid=2026050816081776414A086D8F0983AD5C cmdline=C:\Users\lk\AppData\Roaming\npm\node_modules\@larksuite\cli\bin\lark-cli.exe config init ...
[lark-cli] auth-response: time=2026-05-08T16:08:21.3152699+08:00 path=/oauth/v1/app/registration status=400 x-tt-logid=20260508160822F9F29F74DF83CF849BC9 cmdline=C:\Users\lk\AppData\Roaming\npm\node_modules\@larksuite\cli\bin\lark-cli.exe config init ...
[lark-cli] auth-response: time=2026-05-08T16:08:26.410661+08:00 path=/oauth/v1/app/registration status=400 x-tt-logid=20260508160827759BE82297A5EC7E2BDA cmdline=C:\Users\lk\AppData\Roaming\npm\node_modules\@larksuite\cli\bin\lark-cli.exe config init ...
[lark-cli] auth-response: time=2026-05-08T16:08:31.4887341+08:00 path=/oauth/v1/app/registration status=400 x-tt-logid=20260508160833419FC260CA242387132E cmdline=C:\Users\lk\AppData\Roaming\npm\node_modules\@larksuite\cli\bin\lark-cli.exe config init ...
[lark-cli] auth-response: time=2026-05-08T16:08:36.557249+08:00 path=/oauth/v1/app/registration status=400 x-tt-logid=20260508160838759BE82297A5EC7E34E3 cmdline=C:\Users\lk\AppData\Roaming\npm\node_modules\@larksuite\cli\bin\lark-cli.exe config init ...
[lark-cli] auth-response: time=2026-05-08T16:08:41.644553+08:00 path=/oauth/v1/app/registration status=400 x-tt-logid=20260508160843419FC260CA2423871CDD cmdline=C:\Users\lk\AppData\Roaming\npm\node_modules\@larksuite\cli\bin\lark-cli.exe config init ...
[lark-cli] auth-response: time=2026-05-08T16:08:46.7859299+08:00 path=/oauth/v1/app/registration status=400 x-tt-logid=20260508160848419FC260CA2423872233 cmdline=C:\Users\lk\AppData\Roaming\npm\node_modules\@larksuite\cli\bin\lark-cli.exe config init ...
[lark-cli] auth-response: time=2026-05-08T16:08:51.8727024+08:00 path=/oauth/v1/app/registration status=400 x-tt-logid=202605081608536D3168AAEE60D383D13B cmdline=C:\Users\lk\AppData\Roaming\npm\node_modules\@larksuite\cli\bin\lark-cli.exe config init ...
[lark-cli] auth-response: time=2026-05-08T16:08:56.9409976+08:00 path=/oauth/v1/app/registration status=400 x-tt-logid=20260508160858126A965E5DE99682E3C5 cmdline=C:\Users\lk\AppData\Roaming\npm\node_modules\@larksuite\cli\bin\lark-cli.exe config init ...
[lark-cli] auth-response: time=2026-05-08T16:09:02.018089+08:00 path=/oauth/v1/app/registration status=400 x-tt-logid=202605081609034CA586771CDFD8840A23 cmdline=C:\Users\lk\AppData\Roaming\npm\node_modules\@larksuite\cli\bin\lark-cli.exe config init ...
[lark-cli] auth-response: time=2026-05-08T16:09:07.092646+08:00 path=/oauth/v1/app/registration status=400 x-tt-logid=2026050816090837BCA72A630F87781189 cmdline=C:\Users\lk\AppData\Roaming\npm\node_modules\@larksuite\cli\bin\lark-cli.exe config init ...
[lark-cli] auth-response: time=2026-05-08T16:09:12.2031582+08:00 path=/oauth/v1/app/registration status=400 x-tt-logid=202605081609136BDE5C7259CABA8880F5 cmdline=C:\Users\lk\AppData\Roaming\npm\node_modules\@larksuite\cli\bin\lark-cli.exe config init ...
[lark-cli] auth-response: time=2026-05-08T16:09:17.2721317+08:00 path=/oauth/v1/app/registration status=400 x-tt-logid=20260508160918126A965E5DE99682F719 cmdline=C:\Users\lk\AppData\Roaming\npm\node_modules\@larksuite\cli\bin\lark-cli.exe config init ...
[lark-cli] auth-response: time=2026-05-08T16:09:22.3579526+08:00 path=/oauth/v1/app/registration status=400 x-tt-logid=20260508160923555A36F4B5787F882043 cmdline=C:\Users\lk\AppData\Roaming\npm\node_modules\@larksuite\cli\bin\lark-cli.exe config init ...
